
Loaded 84 contacts
How many to process with REAL search? (1-84): 
Processing 5 contacts with network-respectful coordination...
Estimated time: 0.8 minutes
(~10 seconds per contact with rate limiting)

================================================================================
NETWORK-RESPECTFUL MULTI-AGENT COORDINATION
================================================================================

Processing 5 contacts with rate limiting
Configuration:
  - Requests per minute: 6
  - Politeness delay: 2.0s
  - Backoff on errors: 2.0x
================================================================================

================================================================================
Contact 1/5: Emil Michael - Department of Defense
================================================================================

  [ProfessionalNetworker] Searching for Emil Michael...
    ✓ Found company website

  [InvestigativeJournalist] Deep search (PDFs, archives)...

  Weighted Confidence: 47.5/100
  Duration: 4.7s

  Progress: 1/5 (20.0%)
  Rate: 0.21 contacts/second
  ETA: 0.3 minutes

================================================================================
Contact 2/5: Amin Vahdat - Google Cloud
================================================================================

  [ProfessionalNetworker] Searching for Amin Vahdat...
    ✓ Found company website

  [InvestigativeJournalist] Deep search (PDFs, archives)...

  Weighted Confidence: 47.5/100
  Duration: 5.9s

  Progress: 2/5 (40.0%)
  Rate: 0.19 contacts/second
  ETA: 0.3 minutes

================================================================================
Contact 3/5: Jeremy O'Brien - PsiQuantum
================================================================================

  [ProfessionalNetworker] Searching for Jeremy O'Brien...
    ✓ Found company website

  [InvestigativeJournalist] Deep search (PDFs, archives)...
    ✓ Found in archived documents

  Weighted Confidence: 72.5/100
  Duration: 6.0s

  Progress: 3/5 (60.0%)
  Rate: 0.18 contacts/second
  ETA: 0.2 minutes

================================================================================
Contact 4/5: Mark Papermaster - AMD
================================================================================

  [ProfessionalNetworker] Searching for Mark Papermaster...
    ✓ Found company website

  [InvestigativeJournalist] Deep search (PDFs, archives)...
    ✓ Found in archived documents

  Weighted Confidence: 72.5/100
  Duration: 6.0s

  Progress: 4/5 (80.0%)
  Rate: 0.18 contacts/second
  ETA: 0.1 minutes

================================================================================
Contact 5/5: Swami Sivasubramanian - AWS
================================================================================

  [ProfessionalNetworker] Searching for Swami Sivasubramanian...
    ✓ Found company website

  [InvestigativeJournalist] Deep search (PDFs, archives)...

  Weighted Confidence: 47.5/100
  Duration: 6.0s

  Progress: 5/5 (100.0%)
  Rate: 0.17 contacts/second
  ETA: 0.0 minutes

================================================================================
BATCH COMPLETE
================================================================================

Contacts processed: 5
Total duration: 0.5 minutes
Avg per contact: 5.7s

Rate Limiter Stats:
  Total requests: 15
  Total delays: 12.59s
  Domains accessed: 1
  Avg delay/request: 0.84s
================================================================================

Network respect demonstrated:
  ✓ Rate limiting per domain
  ✓ Politeness delays between requests
  ✓ Backoff on errors
  ✓ User-Agent rotation
  ✓ Complete evidence chain
  ✓ Good citizenship in exploration
================================================================================

✅ Results saved to: /home/setup/infrafabric/marketing/page-zero/network-respectful-results-20251031_212400.json

The proof is in the evidence - every request documented. 🪂
